  [4;36;1mSQL (0.1ms)[0m   [0;1mSET NAMES 'utf8'[0m
  [4;35;1mSQL (0.1ms)[0m   [0mSET SQL_AUTO_IS_NULL=0[0m
  [4;36;1mSQL (98.8ms)[0m   [0;1mSHOW TABLES[0m
  [4;35;1mSQL (441.3ms)[0m   [0mCREATE TABLE `schema_migrations` (`version` varchar(255) NOT NULL) ENGINE=InnoDB[0m
  [4;36;1mSQL (423.1ms)[0m   [0;1mCREATE UNIQUE INDEX `unique_schema_migrations` ON `schema_migrations` (`version`)[0m
  [4;35;1mSQL (51.5ms)[0m   [0mSHOW TABLES[0m
  [4;36;1mSQL (0.5ms)[0m   [0;1mSELECT version FROM schema_migrations[0m
Migrating to CreateTodos (20100523071938)
  [4;35;1mSQL (108.3ms)[0m   [0mCREATE TABLE `todos` (`id` int(11) DEFAULT NULL auto_increment PRIMARY KEY, `text` varchar(255), `created_at` datetime, `updated_at` datetime) ENGINE=InnoDB[0m
  [4;36;1mSQL (0.9ms)[0m   [0;1mINSERT INTO schema_migrations (version) VALUES ('20100523071938')[0m
  [4;35;1mSQL (17.7ms)[0m   [0mSHOW TABLES[0m
  [4;36;1mSQL (0.5ms)[0m   [0;1mSELECT version FROM schema_migrations[0m
  [4;35;1mSQL (0.3ms)[0m   [0mSHOW TABLES[0m
  [4;36;1mSQL (142.6ms)[0m   [0;1mSHOW FIELDS FROM `todos`[0m
  [4;35;1mSQL (4.0ms)[0m   [0mdescribe `todos`[0m
  [4;36;1mSQL (0.5ms)[0m   [0;1mSHOW KEYS FROM `todos`[0m
  [4;36;1mSQL (0.1ms)[0m   [0;1mSET NAMES 'utf8'[0m
  [4;35;1mSQL (0.1ms)[0m   [0mSET SQL_AUTO_IS_NULL=0[0m
  [4;36;1mSQL (0.3ms)[0m   [0;1mSHOW TABLES[0m
  [4;35;1mSQL (0.2ms)[0m   [0mSELECT version FROM schema_migrations[0m
Migrating to CreateTodos (20100523071938)
  [4;36;1mSQL (2.8ms)[0m   [0;1mSHOW TABLES[0m
  [4;35;1mSQL (0.2ms)[0m   [0mSELECT version FROM schema_migrations[0m
  [4;36;1mSQL (0.2ms)[0m   [0;1mSHOW TABLES[0m
  [4;35;1mSQL (25.6ms)[0m   [0mSHOW FIELDS FROM `todos`[0m
  [4;36;1mSQL (0.9ms)[0m   [0;1mdescribe `todos`[0m
  [4;35;1mSQL (35.5ms)[0m   [0mSHOW KEYS FROM `todos`[0m
  [4;36;1mSQL (0.2ms)[0m   [0;1mSET NAMES 'utf8'[0m
  [4;35;1mSQL (0.1ms)[0m   [0mSET SQL_AUTO_IS_NULL=0[0m
  [4;36;1mSQL (0.3ms)[0m   [0;1mSHOW TABLES[0m
  [4;35;1mSQL (0.2ms)[0m   [0mSELECT version FROM schema_migrations[0m
  [4;36;1mSQL (0.2ms)[0m   [0;1mSHOW TABLES[0m
  [4;35;1mSQL (0.1ms)[0m   [0mSELECT version FROM schema_migrations[0m
Migrating to CreateTodos (20100523071938)
  [4;36;1mSQL (30.2ms)[0m   [0;1mDROP TABLE `todos`[0m
  [4;35;1mSQL (114.1ms)[0m   [0mDELETE FROM schema_migrations WHERE version = '20100523071938'[0m
  [4;36;1mSQL (0.4ms)[0m   [0;1mSHOW TABLES[0m
  [4;35;1mSQL (0.2ms)[0m   [0mSELECT version FROM schema_migrations[0m
  [4;36;1mSQL (0.2ms)[0m   [0;1mSHOW TABLES[0m
  [4;36;1mSQL (0.4ms)[0m   [0;1mSET NAMES 'utf8'[0m
  [4;35;1mSQL (0.1ms)[0m   [0mSET SQL_AUTO_IS_NULL=0[0m
  [4;36;1mSQL (0.3ms)[0m   [0;1mSHOW TABLES[0m
  [4;35;1mSQL (0.2ms)[0m   [0mSELECT version FROM schema_migrations[0m
Migrating to CreateTodos (20100523071938)
  [4;36;1mSQL (124.3ms)[0m   [0;1mCREATE TABLE `todos` (`id` int(11) DEFAULT NULL auto_increment PRIMARY KEY, `done` tinyint(1), `text` varchar(255), `created_at` datetime, `updated_at` datetime) ENGINE=InnoDB[0m
  [4;35;1mSQL (0.6ms)[0m   [0mINSERT INTO schema_migrations (version) VALUES ('20100523071938')[0m
  [4;36;1mSQL (1.4ms)[0m   [0;1mSHOW TABLES[0m
  [4;35;1mSQL (0.4ms)[0m   [0mSELECT version FROM schema_migrations[0m
  [4;36;1mSQL (0.2ms)[0m   [0;1mSHOW TABLES[0m
  [4;35;1mSQL (42.4ms)[0m   [0mSHOW FIELDS FROM `todos`[0m
  [4;36;1mSQL (23.5ms)[0m   [0;1mdescribe `todos`[0m
  [4;35;1mSQL (0.3ms)[0m   [0mSHOW KEYS FROM `todos`[0m
